<?xml version="1.0" encoding="UTF-8"?>
<testsuite xmlns:xsi="http://www.w3.org/2001/XMLSchema-instance" xsi:noNamespaceSchemaLocation="https://maven.apache.org/surefire/maven-surefire-plugin/xsd/surefire-test-report.xsd" name="pet.domain.PetTest" time="0.192" tests="7" errors="7" skipped="0" failures="0">
  <properties>
    <property name="java.specification.version" value="17"/>
    <property name="sun.jnu.encoding" value="ANSI_X3.4-1968"/>
    <property name="java.class.path" value="/home/incognito/Desktop/GitHub/grpc-spring-akkasls/pet-registry/target/test-classes:/home/incognito/Desktop/GitHub/grpc-spring-akkasls/pet-registry/target/classes:/home/incognito/.m2/repository/com/akkaserverless/akkaserverless-java-sdk/0.10.6/akkaserverless-java-sdk-0.10.6.jar:/home/incognito/.m2/repository/org/scala-lang/scala-library/2.13.8/scala-library-2.13.8.jar:/home/incognito/.m2/repository/com/akkaserverless/akkaserverless-jvm-sdk/0.10.6/akkaserverless-jvm-sdk-0.10.6.jar:/home/incognito/.m2/repository/com/thesamet/scalapb/scalapb-runtime_2.13/0.11.8/scalapb-runtime_2.13-0.11.8.jar:/home/incognito/.m2/repository/com/thesamet/scalapb/lenses_2.13/0.11.8/lenses_2.13-0.11.8.jar:/home/incognito/.m2/repository/org/scala-lang/modules/scala-collection-compat_2.13/2.6.0/scala-collection-compat_2.13-2.6.0.jar:/home/incognito/.m2/repository/com/lightbend/akka/grpc/akka-grpc-runtime_2.13/2.1.3/akka-grpc-runtime_2.13-2.1.3.jar:/home/incognito/.m2/repository/io/grpc/grpc-core/1.43.2/grpc-core-1.43.2.jar:/home/incognito/.m2/repository/io/grpc/grpc-api/1.43.2/grpc-api-1.43.2.jar:/home/incognito/.m2/repository/io/grpc/grpc-context/1.43.2/grpc-context-1.43.2.jar:/home/incognito/.m2/repository/com/google/android/annotations/4.1.1.4/annotations-4.1.1.4.jar:/home/incognito/.m2/repository/org/codehaus/mojo/animal-sniffer-annotations/1.19/animal-sniffer-annotations-1.19.jar:/home/incognito/.m2/repository/io/perfmark/perfmark-api/0.23.0/perfmark-api-0.23.0.jar:/home/incognito/.m2/repository/io/grpc/grpc-netty-shaded/1.43.2/grpc-netty-shaded-1.43.2.jar:/home/incognito/.m2/repository/com/google/protobuf/protobuf-java/3.19.2/protobuf-java-3.19.2.jar:/home/incognito/.m2/repository/com/typesafe/akka/akka-stream_2.13/2.6.18/akka-stream_2.13-2.6.18.jar:/home/incognito/.m2/repository/com/typesafe/akka/akka-actor_2.13/2.6.18/akka-actor_2.13-2.6.18.jar:/home/incognito/.m2/repository/com/typesafe/config/1.4.0/config-1.4.0.jar:/home/incognito/.m2/repository/org/scala-lang/modules/scala-java8-compat_2.13/1.0.0/scala-java8-compat_2.13-1.0.0.jar:/home/incognito/.m2/repository/com/typesafe/akka/akka-protobuf-v3_2.13/2.6.18/akka-protobuf-v3_2.13-2.6.18.jar:/home/incognito/.m2/repository/org/reactivestreams/reactive-streams/1.0.3/reactive-streams-1.0.3.jar:/home/incognito/.m2/repository/com/typesafe/ssl-config-core_2.13/0.4.2/ssl-config-core_2.13-0.4.2.jar:/home/incognito/.m2/repository/org/scala-lang/modules/scala-parser-combinators_2.13/1.1.2/scala-parser-combinators_2.13-1.1.2.jar:/home/incognito/.m2/repository/com/typesafe/akka/akka-slf4j_2.13/2.6.18/akka-slf4j_2.13-2.6.18.jar:/home/incognito/.m2/repository/org/slf4j/slf4j-api/1.7.32/slf4j-api-1.7.32.jar:/home/incognito/.m2/repository/com/typesafe/akka/akka-discovery_2.13/2.6.18/akka-discovery_2.13-2.6.18.jar:/home/incognito/.m2/repository/com/typesafe/akka/akka-http_2.13/10.2.8/akka-http_2.13-10.2.8.jar:/home/incognito/.m2/repository/com/typesafe/akka/akka-http-core_2.13/10.2.8/akka-http-core_2.13-10.2.8.jar:/home/incognito/.m2/repository/com/typesafe/akka/akka-http-spray-json_2.13/10.2.8/akka-http-spray-json_2.13-10.2.8.jar:/home/incognito/.m2/repository/io/spray/spray-json_2.13/1.3.6/spray-json_2.13-1.3.6.jar:/home/incognito/.m2/repository/com/typesafe/akka/akka-http2-support_2.13/10.2.8/akka-http2-support_2.13-10.2.8.jar:/home/incognito/.m2/repository/com/typesafe/akka/akka-parsing_2.13/10.2.8/akka-parsing_2.13-10.2.8.jar:/home/incognito/.m2/repository/com/google/protobuf/protobuf-java-util/3.19.3/protobuf-java-util-3.19.3.jar:/home/incognito/.m2/repository/com/google/guava/guava/30.1.1-android/guava-30.1.1-android.jar:/home/incognito/.m2/repository/com/google/guava/failureaccess/1.0.1/failureaccess-1.0.1.jar:/home/incognito/.m2/repository/com/google/guava/listenablefuture/9999.0-empty-to-avoid-conflict-with-guava/listenablefuture-9999.0-empty-to-avoid-conflict-with-guava.jar:/home/incognito/.m2/repository/org/checkerframework/checker-compat-qual/2.5.5/checker-compat-qual-2.5.5.jar:/home/incognito/.m2/repository/com/google/errorprone/error_prone_annotations/2.5.1/error_prone_annotations-2.5.1.jar:/home/incognito/.m2/repository/com/google/j2objc/j2objc-annotations/1.3/j2objc-annotations-1.3.jar:/home/incognito/.m2/repository/com/google/code/findbugs/jsr305/3.0.2/jsr305-3.0.2.jar:/home/incognito/.m2/repository/com/google/code/gson/gson/2.8.6/gson-2.8.6.jar:/home/incognito/.m2/repository/com/akkaserverless/akkaserverless-sdk-protocol/0.8.8/akkaserverless-sdk-protocol-0.8.8.jar:/home/incognito/.m2/repository/ch/qos/logback/logback-classic/1.2.10/logback-classic-1.2.10.jar:/home/incognito/.m2/repository/ch/qos/logback/logback-core/1.2.10/logback-core-1.2.10.jar:/home/incognito/.m2/repository/ch/qos/logback/contrib/logback-json-classic/0.1.5/logback-json-classic-0.1.5.jar:/home/incognito/.m2/repository/ch/qos/logback/contrib/logback-json-core/0.1.5/logback-json-core-0.1.5.jar:/home/incognito/.m2/repository/ch/qos/logback/contrib/logback-jackson/0.1.5/logback-jackson-0.1.5.jar:/home/incognito/.m2/repository/com/fasterxml/jackson/core/jackson-core/2.11.4/jackson-core-2.11.4.jar:/home/incognito/.m2/repository/com/fasterxml/jackson/core/jackson-annotations/2.11.4/jackson-annotations-2.11.4.jar:/home/incognito/.m2/repository/com/fasterxml/jackson/core/jackson-databind/2.11.4/jackson-databind-2.11.4.jar:/home/incognito/.m2/repository/com/fasterxml/jackson/datatype/jackson-datatype-jdk8/2.11.4/jackson-datatype-jdk8-2.11.4.jar:/home/incognito/.m2/repository/com/fasterxml/jackson/datatype/jackson-datatype-jsr310/2.11.4/jackson-datatype-jsr310-2.11.4.jar:/home/incognito/.m2/repository/com/fasterxml/jackson/module/jackson-module-parameter-names/2.11.4/jackson-module-parameter-names-2.11.4.jar:/home/incognito/.m2/repository/com/akkaserverless/akkaserverless-java-sdk-testkit/0.10.6/akkaserverless-java-sdk-testkit-0.10.6.jar:/home/incognito/.m2/repository/org/testcontainers/testcontainers/1.15.3/testcontainers-1.15.3.jar:/home/incognito/.m2/repository/org/rnorth/duct-tape/duct-tape/1.0.8/duct-tape-1.0.8.jar:/home/incognito/.m2/repository/org/rnorth/visible-assertions/visible-assertions/2.1.2/visible-assertions-2.1.2.jar:/home/incognito/.m2/repository/net/java/dev/jna/jna/5.2.0/jna-5.2.0.jar:/home/incognito/.m2/repository/com/github/docker-java/docker-java-api/3.2.8/docker-java-api-3.2.8.jar:/home/incognito/.m2/repository/com/github/docker-java/docker-java-transport-zerodep/3.2.8/docker-java-transport-zerodep-3.2.8.jar:/home/incognito/.m2/repository/com/github/docker-java/docker-java-transport/3.2.8/docker-java-transport-3.2.8.jar:/home/incognito/.m2/repository/org/apache/commons/commons-compress/1.21/commons-compress-1.21.jar:/home/incognito/.m2/repository/junit/junit/4.13.1/junit-4.13.1.jar:/home/incognito/.m2/repository/org/hamcrest/hamcrest-core/1.3/hamcrest-core-1.3.jar:"/>
    <property name="java.vm.vendor" value="Oracle Corporation"/>
    <property name="sun.arch.data.model" value="64"/>
    <property name="java.vendor.url" value="https://openjdk.java.net/"/>
    <property name="os.name" value="Linux"/>
    <property name="java.vm.specification.version" value="17"/>
    <property name="sun.java.launcher" value="SUN_STANDARD"/>
    <property name="user.country" value="US"/>
    <property name="sun.boot.library.path" value="/usr/lib/jvm/java-17-openjdk/lib"/>
    <property name="sun.java.command" value="/home/incognito/Desktop/GitHub/grpc-spring-akkasls/pet-registry/target/surefire/surefirebooter6852667106711439955.jar /home/incognito/Desktop/GitHub/grpc-spring-akkasls/pet-registry/target/surefire 2022-03-03T08-16-33_114-jvmRun1 surefire3883264631796489800tmp surefire_06814192744186639072tmp"/>
    <property name="jdk.debug" value="release"/>
    <property name="surefire.test.class.path" value="/home/incognito/Desktop/GitHub/grpc-spring-akkasls/pet-registry/target/test-classes:/home/incognito/Desktop/GitHub/grpc-spring-akkasls/pet-registry/target/classes:/home/incognito/.m2/repository/com/akkaserverless/akkaserverless-java-sdk/0.10.6/akkaserverless-java-sdk-0.10.6.jar:/home/incognito/.m2/repository/org/scala-lang/scala-library/2.13.8/scala-library-2.13.8.jar:/home/incognito/.m2/repository/com/akkaserverless/akkaserverless-jvm-sdk/0.10.6/akkaserverless-jvm-sdk-0.10.6.jar:/home/incognito/.m2/repository/com/thesamet/scalapb/scalapb-runtime_2.13/0.11.8/scalapb-runtime_2.13-0.11.8.jar:/home/incognito/.m2/repository/com/thesamet/scalapb/lenses_2.13/0.11.8/lenses_2.13-0.11.8.jar:/home/incognito/.m2/repository/org/scala-lang/modules/scala-collection-compat_2.13/2.6.0/scala-collection-compat_2.13-2.6.0.jar:/home/incognito/.m2/repository/com/lightbend/akka/grpc/akka-grpc-runtime_2.13/2.1.3/akka-grpc-runtime_2.13-2.1.3.jar:/home/incognito/.m2/repository/io/grpc/grpc-core/1.43.2/grpc-core-1.43.2.jar:/home/incognito/.m2/repository/io/grpc/grpc-api/1.43.2/grpc-api-1.43.2.jar:/home/incognito/.m2/repository/io/grpc/grpc-context/1.43.2/grpc-context-1.43.2.jar:/home/incognito/.m2/repository/com/google/android/annotations/4.1.1.4/annotations-4.1.1.4.jar:/home/incognito/.m2/repository/org/codehaus/mojo/animal-sniffer-annotations/1.19/animal-sniffer-annotations-1.19.jar:/home/incognito/.m2/repository/io/perfmark/perfmark-api/0.23.0/perfmark-api-0.23.0.jar:/home/incognito/.m2/repository/io/grpc/grpc-netty-shaded/1.43.2/grpc-netty-shaded-1.43.2.jar:/home/incognito/.m2/repository/com/google/protobuf/protobuf-java/3.19.2/protobuf-java-3.19.2.jar:/home/incognito/.m2/repository/com/typesafe/akka/akka-stream_2.13/2.6.18/akka-stream_2.13-2.6.18.jar:/home/incognito/.m2/repository/com/typesafe/akka/akka-actor_2.13/2.6.18/akka-actor_2.13-2.6.18.jar:/home/incognito/.m2/repository/com/typesafe/config/1.4.0/config-1.4.0.jar:/home/incognito/.m2/repository/org/scala-lang/modules/scala-java8-compat_2.13/1.0.0/scala-java8-compat_2.13-1.0.0.jar:/home/incognito/.m2/repository/com/typesafe/akka/akka-protobuf-v3_2.13/2.6.18/akka-protobuf-v3_2.13-2.6.18.jar:/home/incognito/.m2/repository/org/reactivestreams/reactive-streams/1.0.3/reactive-streams-1.0.3.jar:/home/incognito/.m2/repository/com/typesafe/ssl-config-core_2.13/0.4.2/ssl-config-core_2.13-0.4.2.jar:/home/incognito/.m2/repository/org/scala-lang/modules/scala-parser-combinators_2.13/1.1.2/scala-parser-combinators_2.13-1.1.2.jar:/home/incognito/.m2/repository/com/typesafe/akka/akka-slf4j_2.13/2.6.18/akka-slf4j_2.13-2.6.18.jar:/home/incognito/.m2/repository/org/slf4j/slf4j-api/1.7.32/slf4j-api-1.7.32.jar:/home/incognito/.m2/repository/com/typesafe/akka/akka-discovery_2.13/2.6.18/akka-discovery_2.13-2.6.18.jar:/home/incognito/.m2/repository/com/typesafe/akka/akka-http_2.13/10.2.8/akka-http_2.13-10.2.8.jar:/home/incognito/.m2/repository/com/typesafe/akka/akka-http-core_2.13/10.2.8/akka-http-core_2.13-10.2.8.jar:/home/incognito/.m2/repository/com/typesafe/akka/akka-http-spray-json_2.13/10.2.8/akka-http-spray-json_2.13-10.2.8.jar:/home/incognito/.m2/repository/io/spray/spray-json_2.13/1.3.6/spray-json_2.13-1.3.6.jar:/home/incognito/.m2/repository/com/typesafe/akka/akka-http2-support_2.13/10.2.8/akka-http2-support_2.13-10.2.8.jar:/home/incognito/.m2/repository/com/typesafe/akka/akka-parsing_2.13/10.2.8/akka-parsing_2.13-10.2.8.jar:/home/incognito/.m2/repository/com/google/protobuf/protobuf-java-util/3.19.3/protobuf-java-util-3.19.3.jar:/home/incognito/.m2/repository/com/google/guava/guava/30.1.1-android/guava-30.1.1-android.jar:/home/incognito/.m2/repository/com/google/guava/failureaccess/1.0.1/failureaccess-1.0.1.jar:/home/incognito/.m2/repository/com/google/guava/listenablefuture/9999.0-empty-to-avoid-conflict-with-guava/listenablefuture-9999.0-empty-to-avoid-conflict-with-guava.jar:/home/incognito/.m2/repository/org/checkerframework/checker-compat-qual/2.5.5/checker-compat-qual-2.5.5.jar:/home/incognito/.m2/repository/com/google/errorprone/error_prone_annotations/2.5.1/error_prone_annotations-2.5.1.jar:/home/incognito/.m2/repository/com/google/j2objc/j2objc-annotations/1.3/j2objc-annotations-1.3.jar:/home/incognito/.m2/repository/com/google/code/findbugs/jsr305/3.0.2/jsr305-3.0.2.jar:/home/incognito/.m2/repository/com/google/code/gson/gson/2.8.6/gson-2.8.6.jar:/home/incognito/.m2/repository/com/akkaserverless/akkaserverless-sdk-protocol/0.8.8/akkaserverless-sdk-protocol-0.8.8.jar:/home/incognito/.m2/repository/ch/qos/logback/logback-classic/1.2.10/logback-classic-1.2.10.jar:/home/incognito/.m2/repository/ch/qos/logback/logback-core/1.2.10/logback-core-1.2.10.jar:/home/incognito/.m2/repository/ch/qos/logback/contrib/logback-json-classic/0.1.5/logback-json-classic-0.1.5.jar:/home/incognito/.m2/repository/ch/qos/logback/contrib/logback-json-core/0.1.5/logback-json-core-0.1.5.jar:/home/incognito/.m2/repository/ch/qos/logback/contrib/logback-jackson/0.1.5/logback-jackson-0.1.5.jar:/home/incognito/.m2/repository/com/fasterxml/jackson/core/jackson-core/2.11.4/jackson-core-2.11.4.jar:/home/incognito/.m2/repository/com/fasterxml/jackson/core/jackson-annotations/2.11.4/jackson-annotations-2.11.4.jar:/home/incognito/.m2/repository/com/fasterxml/jackson/core/jackson-databind/2.11.4/jackson-databind-2.11.4.jar:/home/incognito/.m2/repository/com/fasterxml/jackson/datatype/jackson-datatype-jdk8/2.11.4/jackson-datatype-jdk8-2.11.4.jar:/home/incognito/.m2/repository/com/fasterxml/jackson/datatype/jackson-datatype-jsr310/2.11.4/jackson-datatype-jsr310-2.11.4.jar:/home/incognito/.m2/repository/com/fasterxml/jackson/module/jackson-module-parameter-names/2.11.4/jackson-module-parameter-names-2.11.4.jar:/home/incognito/.m2/repository/com/akkaserverless/akkaserverless-java-sdk-testkit/0.10.6/akkaserverless-java-sdk-testkit-0.10.6.jar:/home/incognito/.m2/repository/org/testcontainers/testcontainers/1.15.3/testcontainers-1.15.3.jar:/home/incognito/.m2/repository/org/rnorth/duct-tape/duct-tape/1.0.8/duct-tape-1.0.8.jar:/home/incognito/.m2/repository/org/rnorth/visible-assertions/visible-assertions/2.1.2/visible-assertions-2.1.2.jar:/home/incognito/.m2/repository/net/java/dev/jna/jna/5.2.0/jna-5.2.0.jar:/home/incognito/.m2/repository/com/github/docker-java/docker-java-api/3.2.8/docker-java-api-3.2.8.jar:/home/incognito/.m2/repository/com/github/docker-java/docker-java-transport-zerodep/3.2.8/docker-java-transport-zerodep-3.2.8.jar:/home/incognito/.m2/repository/com/github/docker-java/docker-java-transport/3.2.8/docker-java-transport-3.2.8.jar:/home/incognito/.m2/repository/org/apache/commons/commons-compress/1.21/commons-compress-1.21.jar:/home/incognito/.m2/repository/junit/junit/4.13.1/junit-4.13.1.jar:/home/incognito/.m2/repository/org/hamcrest/hamcrest-core/1.3/hamcrest-core-1.3.jar:"/>
    <property name="sun.cpu.endian" value="little"/>
    <property name="user.home" value="/home/incognito"/>
    <property name="user.language" value="en"/>
    <property name="java.specification.vendor" value="Oracle Corporation"/>
    <property name="java.version.date" value="2022-04-19"/>
    <property name="java.home" value="/usr/lib/jvm/java-17-openjdk"/>
    <property name="file.separator" value="/"/>
    <property name="basedir" value="/home/incognito/Desktop/GitHub/grpc-spring-akkasls/pet-registry"/>
    <property name="java.vm.compressedOopsMode" value="32-bit"/>
    <property name="line.separator" value="&#10;"/>
    <property name="java.vm.specification.vendor" value="Oracle Corporation"/>
    <property name="java.specification.name" value="Java Platform API Specification"/>
    <property name="surefire.real.class.path" value="/home/incognito/Desktop/GitHub/grpc-spring-akkasls/pet-registry/target/surefire/surefirebooter6852667106711439955.jar"/>
    <property name="sun.management.compiler" value="HotSpot 64-Bit Tiered Compilers"/>
    <property name="java.runtime.version" value="17.0.3+3"/>
    <property name="user.name" value="incognito"/>
    <property name="path.separator" value=":"/>
    <property name="os.version" value="5.10.102-1-MANJARO"/>
    <property name="java.runtime.name" value="OpenJDK Runtime Environment"/>
    <property name="file.encoding" value="ANSI_X3.4-1968"/>
    <property name="java.vm.name" value="OpenJDK 64-Bit Server VM"/>
    <property name="localRepository" value="/home/incognito/.m2/repository"/>
    <property name="java.vendor.url.bug" value="https://bugreport.java.com/bugreport/"/>
    <property name="java.io.tmpdir" value="/tmp"/>
    <property name="idea.version" value="2021.3.2"/>
    <property name="java.version" value="17.0.3"/>
    <property name="user.dir" value="/home/incognito/Desktop/GitHub/grpc-spring-akkasls/pet-registry"/>
    <property name="os.arch" value="amd64"/>
    <property name="java.vm.specification.name" value="Java Virtual Machine Specification"/>
    <property name="native.encoding" value="ANSI_X3.4-1968"/>
    <property name="java.library.path" value="/usr/java/packages/lib:/usr/lib64:/lib64:/lib:/usr/lib"/>
    <property name="java.vm.info" value="mixed mode"/>
    <property name="java.vendor" value="N/A"/>
    <property name="java.vm.version" value="17.0.3+3"/>
    <property name="sun.io.unicode.encoding" value="UnicodeLittle"/>
    <property name="java.class.version" value="61.0"/>
  </properties>
  <testcase name="exampleTest" classname="pet.domain.PetTest" time="0.021">
    <error message="Not implemented yet, replace with your empty entity state" type="java.lang.UnsupportedOperationException">java.lang.UnsupportedOperationException: Not implemented yet, replace with your empty entity state
	at pet.domain.PetTest.exampleTest(PetTest.java:20)
</error>
  </testcase>
  <testcase name="editAdopterAddressTest" classname="pet.domain.PetTest" time="0.002">
    <error message="Not implemented yet, replace with your empty entity state" type="java.lang.UnsupportedOperationException">java.lang.UnsupportedOperationException: Not implemented yet, replace with your empty entity state
	at pet.domain.PetTest.editAdopterAddressTest(PetTest.java:68)
</error>
  </testcase>
  <testcase name="editPetTypeTest" classname="pet.domain.PetTest" time="0.002">
    <error message="Not implemented yet, replace with your empty entity state" type="java.lang.UnsupportedOperationException">java.lang.UnsupportedOperationException: Not implemented yet, replace with your empty entity state
	at pet.domain.PetTest.editPetTypeTest(PetTest.java:47)
</error>
  </testcase>
  <testcase name="newAdoptionTest" classname="pet.domain.PetTest" time="0.002">
    <error message="Not implemented yet, replace with your empty entity state" type="java.lang.UnsupportedOperationException">java.lang.UnsupportedOperationException: Not implemented yet, replace with your empty entity state
	at pet.domain.PetTest.newAdoptionTest(PetTest.java:33)
</error>
  </testcase>
  <testcase name="editAdopterNameTest" classname="pet.domain.PetTest" time="0.002">
    <error message="Not implemented yet, replace with your empty entity state" type="java.lang.UnsupportedOperationException">java.lang.UnsupportedOperationException: Not implemented yet, replace with your empty entity state
	at pet.domain.PetTest.editAdopterNameTest(PetTest.java:61)
</error>
  </testcase>
  <testcase name="retrievePetDetailsTest" classname="pet.domain.PetTest" time="0.002">
    <error message="Not implemented yet, replace with your empty entity state" type="java.lang.UnsupportedOperationException">java.lang.UnsupportedOperationException: Not implemented yet, replace with your empty entity state
	at pet.domain.PetTest.retrievePetDetailsTest(PetTest.java:40)
</error>
  </testcase>
  <testcase name="editPetGenderTest" classname="pet.domain.PetTest" time="0.005">
    <error message="Not implemented yet, replace with your empty entity state" type="java.lang.UnsupportedOperationException">java.lang.UnsupportedOperationException: Not implemented yet, replace with your empty entity state
	at pet.domain.PetTest.editPetGenderTest(PetTest.java:54)
</error>
  </testcase>
</testsuite>